<?xml version="1.0" encoding="UTF-8"?>
<!-- Generated by org.testng.reporters.JUnitReportReporter -->
<testsuite hostname="ZIL207" failures="0" tests="3" name="DynamicJson" time="5.537" errors="0" timestamp="2022-09-19T18:18:00 IST" skipped="0">
  <testcase classname="DynamicJson" name="addBook" time="4.690"/>
  <system-out/>
  <testcase classname="DynamicJson" name="addBook" time="0.380"/>
  <system-out/>
  <testcase classname="DynamicJson" name="addBook" time="0.467"/>
  <system-out/>
</testsuite> <!-- DynamicJson -->
