<?xml version="1.0" encoding="UTF-8"?>
<!-- Generated by org.testng.reporters.JUnitReportReporter -->
<testsuite hostname="ZIL207" failures="0" tests="1" name="SumValidation" time="1.952" errors="0" timestamp="2022-09-16T17:11:07 IST" skipped="0">
  <testcase classname="SumValidation" name="sumValidation" time="1.952"/>
  <system-out/>
</testsuite> <!-- SumValidation -->
